<?xml version="1.0" encoding="UTF-8"?>
<!-- Generated by org.testng.reporters.JUnitXMLReporter -->
<testsuite ignored="0" hostname="LAPTOP-ITJRHPCH" failures="1" tests="1" name="Surefire test" time="0.13" errors="0" timestamp="2022-10-02T20:50:07 IST">
  <testcase classname="com.example.TestngDemo" name="f" time="0.004">
    <failure type="java.lang.NoClassDefFoundError" message="org/openqa/selenium/chrome/ChromeDriver">
      <![CDATA[java.lang.NoClassDefFoundError: org/openqa/selenium/chrome/ChromeDriver
at com.example.TestngDemo.f(TestngDemo.java:13)
at java.base/java.util.ArrayList.forEach(ArrayList.java:1541)
Caused by: java.lang.ClassNotFoundException: org.openqa.selenium.chrome.ChromeDriver
at java.base/jdk.internal.loader.BuiltinClassLoader.loadClass(BuiltinClassLoader.java:581)
at java.base/jdk.internal.loader.ClassLoaders$AppClassLoader.loadClass(ClassLoaders.java:178)
at java.base/java.lang.ClassLoader.loadClass(ClassLoader.java:522)
... 34 more
... Removed 32 stack frames]]>
    </failure>
  </testcase> <!-- f -->
</testsuite> <!-- Surefire test -->
